Start testing: Aug 31 13:21 CST
----------------------------------------------------------
1/4 Testing: flake8
1/4 Test: flake8
Command: "/usr/bin/python3" "-u" "/opt/ros/humble/share/ament_cmake_test/cmake/run_test.py" "/home/rose/ros_project/ros_ws/build/myrobot_description/test_results/myrobot_description/flake8.xunit.xml" "--package-name" "myrobot_description" "--output-file" "/home/rose/ros_project/ros_ws/build/myrobot_description/ament_flake8/flake8.txt" "--command" "/opt/ros/humble/bin/ament_flake8" "--xunit-file" "/home/rose/ros_project/ros_ws/build/myrobot_description/test_results/myrobot_description/flake8.xunit.xml"
Directory: /home/rose/ros_project/ros_ws/src/myrobot_description
"flake8" start time: Aug 31 13:21 CST
Output:
----------------------------------------------------------
-- run_test.py: invoking following command in '/home/rose/ros_project/ros_ws/src/myrobot_description':
 - /opt/ros/humble/bin/ament_flake8 --xunit-file /home/rose/ros_project/ros_ws/build/myrobot_description/test_results/myrobot_description/flake8.xunit.xml
def generate_launch_description():
^
def generate_launch_description():
^
  	
^
  	
  ^
  	
  ^
      	# 传递参数
      ^
      	# 传递参数
      ^
        launch_arguments=[('world', default_world_path),('verbose','true')]
                                                       ^
        launch_arguments=[('world', default_world_path),('verbose','true')]
                                                                  ^
    
^
            'myrobot_joint_state_broadcaster'],
            ^
    load_myrobot_effort_controller = launch.actions.ExecuteProcess(
    ^
        cmd=['ros2', 'control', 'load_controller', '--set-state', 'active','myrobot_effort_controller'], 
                                                                          ^
        cmd=['ros2', 'control', 'load_controller', '--set-state', 'active','myrobot_effort_controller'], 
                                                                                                   ^
        cmd=['ros2', 'control', 'load_controller', '--set-state', 'active','myrobot_effort_controller'], 
                                                                                                        ^
    
^
        cmd=['ros2', 'control', 'load_controller', '--set-state', 'active','myrobot_diff_drive_controller'], 
                                                                          ^
        cmd=['ros2', 'control', 'load_controller', '--set-state', 'active','myrobot_diff_drive_controller'], 
                                                                                                   ^
        cmd=['ros2', 'control', 'load_controller', '--set-state', 'active','myrobot_diff_drive_controller'], 
                                                                                                            ^
    
^
        # 事件动作，当加载机器人结束后执行    
                          ^
        event_handler=launch.event_handlers.OnProcessExit(
        ^
2     E101 indentation contains mixed spaces and tabs
1     E122 continuation line missing indentation or outdented
1     E128 continuation line under-indented for visual indent
4     E231 missing whitespace after ','
2     E302 expected 2 blank lines, found 1
2     E501 line too long (104 > 99 characters)
1     F841 local variable 'load_myrobot_effort_controller' is assigned to but never used
2     W191 indentation contains tabs
3     W291 trailing whitespace
4     W293 blank line contains whitespace

./launch/display_robot.launch.py:7:1: E302 expected 2 blank lines, found 1

./launch/gazebo_sim.launch.py:6:1: E302 expected 2 blank lines, found 1

./launch/gazebo_sim.launch.py:21:1: W293 blank line contains whitespace

./launch/gazebo_sim.launch.py:21:3: W191 indentation contains tabs

./launch/gazebo_sim.launch.py:21:3: E101 indentation contains mixed spaces and tabs

./launch/gazebo_sim.launch.py:32:7: W191 indentation contains tabs

./launch/gazebo_sim.launch.py:32:7: E101 indentation contains mixed spaces and tabs

./launch/gazebo_sim.launch.py:33:56: E231 missing whitespace after ','

./launch/gazebo_sim.launch.py:33:67: E231 missing whitespace after ','

./launch/gazebo_sim.launch.py:41:1: W293 blank line contains whitespace

./launch/gazebo_sim.launch.py:45:13: E128 continuation line under-indented for visual indent

./launch/gazebo_sim.launch.py:50:5: F841 local variable 'load_myrobot_effort_controller' is assigned to but never used

./launch/gazebo_sim.launch.py:51:75: E231 missing whitespace after ','

./launch/gazebo_sim.launch.py:51:100: E501 line too long (104 > 99 characters)

./launch/gazebo_sim.launch.py:51:105: W291 trailing whitespace

./launch/gazebo_sim.launch.py:53:1: W293 blank line contains whitespace

./launch/gazebo_sim.launch.py:55:75: E231 missing whitespace after ','

./launch/gazebo_sim.launch.py:55:100: E501 line too long (108 > 99 characters)

./launch/gazebo_sim.launch.py:55:109: W291 trailing whitespace

./launch/gazebo_sim.launch.py:57:1: W293 blank line contains whitespace

./launch/gazebo_sim.launch.py:63:27: W291 trailing whitespace

./launch/gazebo_sim.launch.py:71:9: E122 continuation line missing indentation or outdented


2 files checked
22 errors

'E'-type errors: 12
'F'-type errors: 1
'W'-type errors: 9

Checked files:

* ./launch/display_robot.launch.py
* ./launch/gazebo_sim.launch.py
-- run_test.py: return code 1
-- run_test.py: verify result file '/home/rose/ros_project/ros_ws/build/myrobot_description/test_results/myrobot_description/flake8.xunit.xml'
<end of output>
Test time =   0.18 sec
----------------------------------------------------------
Test Failed.
"flake8" end time: Aug 31 13:21 CST
"flake8" time elapsed: 00:00:00
----------------------------------------------------------

2/4 Testing: lint_cmake
2/4 Test: lint_cmake
Command: "/usr/bin/python3" "-u" "/opt/ros/humble/share/ament_cmake_test/cmake/run_test.py" "/home/rose/ros_project/ros_ws/build/myrobot_description/test_results/myrobot_description/lint_cmake.xunit.xml" "--package-name" "myrobot_description" "--output-file" "/home/rose/ros_project/ros_ws/build/myrobot_description/ament_lint_cmake/lint_cmake.txt" "--command" "/opt/ros/humble/bin/ament_lint_cmake" "--xunit-file" "/home/rose/ros_project/ros_ws/build/myrobot_description/test_results/myrobot_description/lint_cmake.xunit.xml"
Directory: /home/rose/ros_project/ros_ws/src/myrobot_description
"lint_cmake" start time: Aug 31 13:21 CST
Output:
----------------------------------------------------------
-- run_test.py: invoking following command in '/home/rose/ros_project/ros_ws/src/myrobot_description':
 - /opt/ros/humble/bin/ament_lint_cmake --xunit-file /home/rose/ros_project/ros_ws/build/myrobot_description/test_results/myrobot_description/lint_cmake.xunit.xml
CMakeLists.txt:26: Line ends in whitespace [whitespace/eol]


1 errors
-- run_test.py: return code 1
-- run_test.py: verify result file '/home/rose/ros_project/ros_ws/build/myrobot_description/test_results/myrobot_description/lint_cmake.xunit.xml'
<end of output>
Test time =   0.08 sec
----------------------------------------------------------
Test Failed.
"lint_cmake" end time: Aug 31 13:21 CST
"lint_cmake" time elapsed: 00:00:00
----------------------------------------------------------

3/4 Testing: pep257
3/4 Test: pep257
Command: "/usr/bin/python3" "-u" "/opt/ros/humble/share/ament_cmake_test/cmake/run_test.py" "/home/rose/ros_project/ros_ws/build/myrobot_description/test_results/myrobot_description/pep257.xunit.xml" "--package-name" "myrobot_description" "--output-file" "/home/rose/ros_project/ros_ws/build/myrobot_description/ament_pep257/pep257.txt" "--command" "/opt/ros/humble/bin/ament_pep257" "--xunit-file" "/home/rose/ros_project/ros_ws/build/myrobot_description/test_results/myrobot_description/pep257.xunit.xml"
Directory: /home/rose/ros_project/ros_ws/src/myrobot_description
"pep257" start time: Aug 31 13:21 CST
Output:
----------------------------------------------------------
-- run_test.py: invoking following command in '/home/rose/ros_project/ros_ws/src/myrobot_description':
 - /opt/ros/humble/bin/ament_pep257 --xunit-file /home/rose/ros_project/ros_ws/build/myrobot_description/test_results/myrobot_description/pep257.xunit.xml
checking ./launch/display_robot.launch.py
checking ./launch/gazebo_sim.launch.py
No problems found
-- run_test.py: return code 0
-- run_test.py: verify result file '/home/rose/ros_project/ros_ws/build/myrobot_description/test_results/myrobot_description/pep257.xunit.xml'
<end of output>
Test time =   0.12 sec
----------------------------------------------------------
Test Passed.
"pep257" end time: Aug 31 13:21 CST
"pep257" time elapsed: 00:00:00
----------------------------------------------------------

4/4 Testing: xmllint
4/4 Test: xmllint
Command: "/usr/bin/python3" "-u" "/opt/ros/humble/share/ament_cmake_test/cmake/run_test.py" "/home/rose/ros_project/ros_ws/build/myrobot_description/test_results/myrobot_description/xmllint.xunit.xml" "--package-name" "myrobot_description" "--output-file" "/home/rose/ros_project/ros_ws/build/myrobot_description/ament_xmllint/xmllint.txt" "--command" "/opt/ros/humble/bin/ament_xmllint" "--xunit-file" "/home/rose/ros_project/ros_ws/build/myrobot_description/test_results/myrobot_description/xmllint.xunit.xml"
Directory: /home/rose/ros_project/ros_ws/src/myrobot_description
"xmllint" start time: Aug 31 13:21 CST
Output:
----------------------------------------------------------
-- run_test.py: invoking following command in '/home/rose/ros_project/ros_ws/src/myrobot_description':
 - /opt/ros/humble/bin/ament_xmllint --xunit-file /home/rose/ros_project/ros_ws/build/myrobot_description/test_results/myrobot_description/xmllint.xunit.xml
File 'package.xml' is invalid:
warning: failed to load external entity "http://download.ros.org/schema/package_format3.xsd"
Schemas parser error : Failed to locate the main schema resource at 'http://download.ros.org/schema/package_format3.xsd'.
WXS schema http://download.ros.org/schema/package_format3.xsd failed to compile

1 files are invalid
-- run_test.py: return code 1
-- run_test.py: verify result file '/home/rose/ros_project/ros_ws/build/myrobot_description/test_results/myrobot_description/xmllint.xunit.xml'
<end of output>
Test time =   0.09 sec
----------------------------------------------------------
Test Failed.
"xmllint" end time: Aug 31 13:21 CST
"xmllint" time elapsed: 00:00:00
----------------------------------------------------------

End testing: Aug 31 13:21 CST

flake8 =   0.18 sec*proc

lint_cmake =   0.08 sec*proc

linter =   0.48 sec*proc

pep257 =   0.12 sec*proc

xmllint =   0.09 sec*proc

