<?xml version="1.0" encoding="UTF-8"?>
<Site BuildName="(empty)"
	BuildStamp="20260831-0522-Experimental"
	Name="rose"
	Generator="ctest-3.22.1"
	CompilerName="/usr/bin/c++"
	CompilerVersion="11.4.0"
	OSName="Linux"
	Hostname="rose"
	OSRelease="6.8.0-138-generic"
	OSVersion="#138~22.04.1-Ubuntu SMP PREEMPT_DYNAMIC Fri Aug  7 13:43:15 UTC "
	OSPlatform="x86_64"
	Is64Bits="1"
	VendorString="GenuineIntel"
	VendorID="Intel Corporation"
	FamilyID="6"
	ModelID="183"
	ProcessorCacheSize="36864"
	NumberOfLogicalCPU="8"
	NumberOfPhysicalCPU="8"
	TotalVirtualMemory="2047"
	TotalPhysicalMemory="7894"
	LogicalProcessorsPerPhysical="1"
	ProcessorClockFrequency="2419.2"
	>
	<Testing>
		<StartDateTime>Aug 31 13:22 CST</StartDateTime>
		<StartTestTime>1788153730</StartTestTime>
		<TestList>
			<Test>./flake8</Test>
			<Test>./lint_cmake</Test>
			<Test>./pep257</Test>
			<Test>./xmllint</Test>
		</TestList>
		<Test Status="passed">
			<Name>flake8</Name>
			<Path>.</Path>
			<FullName>./flake8</FullName>
			<FullCommandLine>/usr/bin/python3 "-u" "/opt/ros/humble/share/ament_cmake_test/cmake/run_test.py" "/home/rose/ros_project/ros_ws/build/myrobot_navigation2/test_results/myrobot_navigation2/flake8.xunit.xml" "--package-name" "myrobot_navigation2" "--output-file" "/home/rose/ros_project/ros_ws/build/myrobot_navigation2/ament_flake8/flake8.txt" "--command" "/opt/ros/humble/bin/ament_flake8" "--xunit-file" "/home/rose/ros_project/ros_ws/build/myrobot_navigation2/test_results/myrobot_navigation2/flake8.xunit.xml"</FullCommandLine>
			<Results>
				<NamedMeasurement type="numeric/double" name="Execution Time">
					<Value>0.135102</Value>
				</NamedMeasurement>
				<NamedMeasurement type="numeric/double" name="Processors">
					<Value>1</Value>
				</NamedMeasurement>
				<NamedMeasurement type="text/string" name="Completion Status">
					<Value>Completed</Value>
				</NamedMeasurement>
				<NamedMeasurement type="text/string" name="Command Line">
					<Value>/usr/bin/python3 "-u" "/opt/ros/humble/share/ament_cmake_test/cmake/run_test.py" "/home/rose/ros_project/ros_ws/build/myrobot_navigation2/test_results/myrobot_navigation2/flake8.xunit.xml" "--package-name" "myrobot_navigation2" "--output-file" "/home/rose/ros_project/ros_ws/build/myrobot_navigation2/ament_flake8/flake8.txt" "--command" "/opt/ros/humble/bin/ament_flake8" "--xunit-file" "/home/rose/ros_project/ros_ws/build/myrobot_navigation2/test_results/myrobot_navigation2/flake8.xunit.xml"</Value>
				</NamedMeasurement>
				<NamedMeasurement type="text/string" name="Environment">
					<Value>#CTEST_RESOURCE_GROUP_COUNT=</Value>
				</NamedMeasurement>
				<Measurement>
					<Value>-- run_test.py: invoking following command in '/home/rose/ros_project/ros_ws/src/myrobot_navigation2':
 - /opt/ros/humble/bin/ament_flake8 --xunit-file /home/rose/ros_project/ros_ws/build/myrobot_navigation2/test_results/myrobot_navigation2/flake8.xunit.xml

1 files checked
No problems found

Checked files:

* ./launch/navigation2.launch.py
-- run_test.py: return code 0
-- run_test.py: verify result file '/home/rose/ros_project/ros_ws/build/myrobot_navigation2/test_results/myrobot_navigation2/flake8.xunit.xml'
</Value>
				</Measurement>
			</Results>
			<Labels>
				<Label>flake8</Label>
				<Label>linter</Label>
			</Labels>
		</Test>
		<Test Status="passed">
			<Name>lint_cmake</Name>
			<Path>.</Path>
			<FullName>./lint_cmake</FullName>
			<FullCommandLine>/usr/bin/python3 "-u" "/opt/ros/humble/share/ament_cmake_test/cmake/run_test.py" "/home/rose/ros_project/ros_ws/build/myrobot_navigation2/test_results/myrobot_navigation2/lint_cmake.xunit.xml" "--package-name" "myrobot_navigation2" "--output-file" "/home/rose/ros_project/ros_ws/build/myrobot_navigation2/ament_lint_cmake/lint_cmake.txt" "--command" "/opt/ros/humble/bin/ament_lint_cmake" "--xunit-file" "/home/rose/ros_project/ros_ws/build/myrobot_navigation2/test_results/myrobot_navigation2/lint_cmake.xunit.xml"</FullCommandLine>
			<Results>
				<NamedMeasurement type="numeric/double" name="Execution Time">
					<Value>0.0804458</Value>
				</NamedMeasurement>
				<NamedMeasurement type="numeric/double" name="Processors">
					<Value>1</Value>
				</NamedMeasurement>
				<NamedMeasurement type="text/string" name="Completion Status">
					<Value>Completed</Value>
				</NamedMeasurement>
				<NamedMeasurement type="text/string" name="Command Line">
					<Value>/usr/bin/python3 "-u" "/opt/ros/humble/share/ament_cmake_test/cmake/run_test.py" "/home/rose/ros_project/ros_ws/build/myrobot_navigation2/test_results/myrobot_navigation2/lint_cmake.xunit.xml" "--package-name" "myrobot_navigation2" "--output-file" "/home/rose/ros_project/ros_ws/build/myrobot_navigation2/ament_lint_cmake/lint_cmake.txt" "--command" "/opt/ros/humble/bin/ament_lint_cmake" "--xunit-file" "/home/rose/ros_project/ros_ws/build/myrobot_navigation2/test_results/myrobot_navigation2/lint_cmake.xunit.xml"</Value>
				</NamedMeasurement>
				<NamedMeasurement type="text/string" name="Environment">
					<Value>#CTEST_RESOURCE_GROUP_COUNT=</Value>
				</NamedMeasurement>
				<Measurement>
					<Value>-- run_test.py: invoking following command in '/home/rose/ros_project/ros_ws/src/myrobot_navigation2':
 - /opt/ros/humble/bin/ament_lint_cmake --xunit-file /home/rose/ros_project/ros_ws/build/myrobot_navigation2/test_results/myrobot_navigation2/lint_cmake.xunit.xml

No problems found
-- run_test.py: return code 0
-- run_test.py: verify result file '/home/rose/ros_project/ros_ws/build/myrobot_navigation2/test_results/myrobot_navigation2/lint_cmake.xunit.xml'
</Value>
				</Measurement>
			</Results>
			<Labels>
				<Label>lint_cmake</Label>
				<Label>linter</Label>
			</Labels>
		</Test>
		<Test Status="passed">
			<Name>pep257</Name>
			<Path>.</Path>
			<FullName>./pep257</FullName>
			<FullCommandLine>/usr/bin/python3 "-u" "/opt/ros/humble/share/ament_cmake_test/cmake/run_test.py" "/home/rose/ros_project/ros_ws/build/myrobot_navigation2/test_results/myrobot_navigation2/pep257.xunit.xml" "--package-name" "myrobot_navigation2" "--output-file" "/home/rose/ros_project/ros_ws/build/myrobot_navigation2/ament_pep257/pep257.txt" "--command" "/opt/ros/humble/bin/ament_pep257" "--xunit-file" "/home/rose/ros_project/ros_ws/build/myrobot_navigation2/test_results/myrobot_navigation2/pep257.xunit.xml"</FullCommandLine>
			<Results>
				<NamedMeasurement type="numeric/double" name="Execution Time">
					<Value>0.110881</Value>
				</NamedMeasurement>
				<NamedMeasurement type="numeric/double" name="Processors">
					<Value>1</Value>
				</NamedMeasurement>
				<NamedMeasurement type="text/string" name="Completion Status">
					<Value>Completed</Value>
				</NamedMeasurement>
				<NamedMeasurement type="text/string" name="Command Line">
					<Value>/usr/bin/python3 "-u" "/opt/ros/humble/share/ament_cmake_test/cmake/run_test.py" "/home/rose/ros_project/ros_ws/build/myrobot_navigation2/test_results/myrobot_navigation2/pep257.xunit.xml" "--package-name" "myrobot_navigation2" "--output-file" "/home/rose/ros_project/ros_ws/build/myrobot_navigation2/ament_pep257/pep257.txt" "--command" "/opt/ros/humble/bin/ament_pep257" "--xunit-file" "/home/rose/ros_project/ros_ws/build/myrobot_navigation2/test_results/myrobot_navigation2/pep257.xunit.xml"</Value>
				</NamedMeasurement>
				<NamedMeasurement type="text/string" name="Environment">
					<Value>#CTEST_RESOURCE_GROUP_COUNT=</Value>
				</NamedMeasurement>
				<Measurement>
					<Value>-- run_test.py: invoking following command in '/home/rose/ros_project/ros_ws/src/myrobot_navigation2':
 - /opt/ros/humble/bin/ament_pep257 --xunit-file /home/rose/ros_project/ros_ws/build/myrobot_navigation2/test_results/myrobot_navigation2/pep257.xunit.xml
checking ./launch/navigation2.launch.py
No problems found
-- run_test.py: return code 0
-- run_test.py: verify result file '/home/rose/ros_project/ros_ws/build/myrobot_navigation2/test_results/myrobot_navigation2/pep257.xunit.xml'
</Value>
				</Measurement>
			</Results>
			<Labels>
				<Label>linter</Label>
				<Label>pep257</Label>
			</Labels>
		</Test>
		<Test Status="failed">
			<Name>xmllint</Name>
			<Path>.</Path>
			<FullName>./xmllint</FullName>
			<FullCommandLine>/usr/bin/python3 "-u" "/opt/ros/humble/share/ament_cmake_test/cmake/run_test.py" "/home/rose/ros_project/ros_ws/build/myrobot_navigation2/test_results/myrobot_navigation2/xmllint.xunit.xml" "--package-name" "myrobot_navigation2" "--output-file" "/home/rose/ros_project/ros_ws/build/myrobot_navigation2/ament_xmllint/xmllint.txt" "--command" "/opt/ros/humble/bin/ament_xmllint" "--xunit-file" "/home/rose/ros_project/ros_ws/build/myrobot_navigation2/test_results/myrobot_navigation2/xmllint.xunit.xml"</FullCommandLine>
			<Results>
				<NamedMeasurement type="text/string" name="Exit Code">
					<Value>Failed</Value>
				</NamedMeasurement>
				<NamedMeasurement type="text/string" name="Exit Value">
					<Value>1</Value>
				</NamedMeasurement>
				<NamedMeasurement type="numeric/double" name="Execution Time">
					<Value>0.0875289</Value>
				</NamedMeasurement>
				<NamedMeasurement type="numeric/double" name="Processors">
					<Value>1</Value>
				</NamedMeasurement>
				<NamedMeasurement type="text/string" name="Completion Status">
					<Value>Completed</Value>
				</NamedMeasurement>
				<NamedMeasurement type="text/string" name="Command Line">
					<Value>/usr/bin/python3 "-u" "/opt/ros/humble/share/ament_cmake_test/cmake/run_test.py" "/home/rose/ros_project/ros_ws/build/myrobot_navigation2/test_results/myrobot_navigation2/xmllint.xunit.xml" "--package-name" "myrobot_navigation2" "--output-file" "/home/rose/ros_project/ros_ws/build/myrobot_navigation2/ament_xmllint/xmllint.txt" "--command" "/opt/ros/humble/bin/ament_xmllint" "--xunit-file" "/home/rose/ros_project/ros_ws/build/myrobot_navigation2/test_results/myrobot_navigation2/xmllint.xunit.xml"</Value>
				</NamedMeasurement>
				<NamedMeasurement type="text/string" name="Environment">
					<Value>#CTEST_RESOURCE_GROUP_COUNT=</Value>
				</NamedMeasurement>
				<Measurement>
					<Value>-- run_test.py: invoking following command in '/home/rose/ros_project/ros_ws/src/myrobot_navigation2':
 - /opt/ros/humble/bin/ament_xmllint --xunit-file /home/rose/ros_project/ros_ws/build/myrobot_navigation2/test_results/myrobot_navigation2/xmllint.xunit.xml
File 'package.xml' is invalid:
warning: failed to load external entity "http://download.ros.org/schema/package_format3.xsd"
Schemas parser error : Failed to locate the main schema resource at 'http://download.ros.org/schema/package_format3.xsd'.
WXS schema http://download.ros.org/schema/package_format3.xsd failed to compile

1 files are invalid
-- run_test.py: return code 1
-- run_test.py: verify result file '/home/rose/ros_project/ros_ws/build/myrobot_navigation2/test_results/myrobot_navigation2/xmllint.xunit.xml'
</Value>
				</Measurement>
			</Results>
			<Labels>
				<Label>linter</Label>
				<Label>xmllint</Label>
			</Labels>
		</Test>
		<EndDateTime>Aug 31 13:22 CST</EndDateTime>
		<EndTestTime>1788153730</EndTestTime>
		<ElapsedMinutes>0</ElapsedMinutes>
	</Testing>
</Site>
