Start testing: Aug 31 13:22 CST
----------------------------------------------------------
1/4 Testing: flake8
1/4 Test: flake8
Command: "/usr/bin/python3" "-u" "/opt/ros/humble/share/ament_cmake_test/cmake/run_test.py" "/home/rose/ros_project/ros_ws/build/myrobot_navigation2/test_results/myrobot_navigation2/flake8.xunit.xml" "--package-name" "myrobot_navigation2" "--output-file" "/home/rose/ros_project/ros_ws/build/myrobot_navigation2/ament_flake8/flake8.txt" "--command" "/opt/ros/humble/bin/ament_flake8" "--xunit-file" "/home/rose/ros_project/ros_ws/build/myrobot_navigation2/test_results/myrobot_navigation2/flake8.xunit.xml"
Directory: /home/rose/ros_project/ros_ws/src/myrobot_navigation2
"flake8" start time: Aug 31 13:22 CST
Output:
----------------------------------------------------------
-- run_test.py: invoking following command in '/home/rose/ros_project/ros_ws/src/myrobot_navigation2':
 - /opt/ros/humble/bin/ament_flake8 --xunit-file /home/rose/ros_project/ros_ws/build/myrobot_navigation2/test_results/myrobot_navigation2/flake8.xunit.xml

1 files checked
No problems found

Checked files:

* ./launch/navigation2.launch.py
-- run_test.py: return code 0
-- run_test.py: verify result file '/home/rose/ros_project/ros_ws/build/myrobot_navigation2/test_results/myrobot_navigation2/flake8.xunit.xml'
<end of output>
Test time =   0.14 sec
----------------------------------------------------------
Test Passed.
"flake8" end time: Aug 31 13:22 CST
"flake8" time elapsed: 00:00:00
----------------------------------------------------------

2/4 Testing: lint_cmake
2/4 Test: lint_cmake
Command: "/usr/bin/python3" "-u" "/opt/ros/humble/share/ament_cmake_test/cmake/run_test.py" "/home/rose/ros_project/ros_ws/build/myrobot_navigation2/test_results/myrobot_navigation2/lint_cmake.xunit.xml" "--package-name" "myrobot_navigation2" "--output-file" "/home/rose/ros_project/ros_ws/build/myrobot_navigation2/ament_lint_cmake/lint_cmake.txt" "--command" "/opt/ros/humble/bin/ament_lint_cmake" "--xunit-file" "/home/rose/ros_project/ros_ws/build/myrobot_navigation2/test_results/myrobot_navigation2/lint_cmake.xunit.xml"
Directory: /home/rose/ros_project/ros_ws/src/myrobot_navigation2
"lint_cmake" start time: Aug 31 13:22 CST
Output:
----------------------------------------------------------
-- run_test.py: invoking following command in '/home/rose/ros_project/ros_ws/src/myrobot_navigation2':
 - /opt/ros/humble/bin/ament_lint_cmake --xunit-file /home/rose/ros_project/ros_ws/build/myrobot_navigation2/test_results/myrobot_navigation2/lint_cmake.xunit.xml

No problems found
-- run_test.py: return code 0
-- run_test.py: verify result file '/home/rose/ros_project/ros_ws/build/myrobot_navigation2/test_results/myrobot_navigation2/lint_cmake.xunit.xml'
<end of output>
Test time =   0.08 sec
----------------------------------------------------------
Test Passed.
"lint_cmake" end time: Aug 31 13:22 CST
"lint_cmake" time elapsed: 00:00:00
----------------------------------------------------------

3/4 Testing: pep257
3/4 Test: pep257
Command: "/usr/bin/python3" "-u" "/opt/ros/humble/share/ament_cmake_test/cmake/run_test.py" "/home/rose/ros_project/ros_ws/build/myrobot_navigation2/test_results/myrobot_navigation2/pep257.xunit.xml" "--package-name" "myrobot_navigation2" "--output-file" "/home/rose/ros_project/ros_ws/build/myrobot_navigation2/ament_pep257/pep257.txt" "--command" "/opt/ros/humble/bin/ament_pep257" "--xunit-file" "/home/rose/ros_project/ros_ws/build/myrobot_navigation2/test_results/myrobot_navigation2/pep257.xunit.xml"
Directory: /home/rose/ros_project/ros_ws/src/myrobot_navigation2
"pep257" start time: Aug 31 13:22 CST
Output:
----------------------------------------------------------
-- run_test.py: invoking following command in '/home/rose/ros_project/ros_ws/src/myrobot_navigation2':
 - /opt/ros/humble/bin/ament_pep257 --xunit-file /home/rose/ros_project/ros_ws/build/myrobot_navigation2/test_results/myrobot_navigation2/pep257.xunit.xml
checking ./launch/navigation2.launch.py
No problems found
-- run_test.py: return code 0
-- run_test.py: verify result file '/home/rose/ros_project/ros_ws/build/myrobot_navigation2/test_results/myrobot_navigation2/pep257.xunit.xml'
<end of output>
Test time =   0.11 sec
----------------------------------------------------------
Test Passed.
"pep257" end time: Aug 31 13:22 CST
"pep257" time elapsed: 00:00:00
----------------------------------------------------------

4/4 Testing: xmllint
4/4 Test: xmllint
Command: "/usr/bin/python3" "-u" "/opt/ros/humble/share/ament_cmake_test/cmake/run_test.py" "/home/rose/ros_project/ros_ws/build/myrobot_navigation2/test_results/myrobot_navigation2/xmllint.xunit.xml" "--package-name" "myrobot_navigation2" "--output-file" "/home/rose/ros_project/ros_ws/build/myrobot_navigation2/ament_xmllint/xmllint.txt" "--command" "/opt/ros/humble/bin/ament_xmllint" "--xunit-file" "/home/rose/ros_project/ros_ws/build/myrobot_navigation2/test_results/myrobot_navigation2/xmllint.xunit.xml"
Directory: /home/rose/ros_project/ros_ws/src/myrobot_navigation2
"xmllint" start time: Aug 31 13:22 CST
Output:
----------------------------------------------------------
-- run_test.py: invoking following command in '/home/rose/ros_project/ros_ws/src/myrobot_navigation2':
 - /opt/ros/humble/bin/ament_xmllint --xunit-file /home/rose/ros_project/ros_ws/build/myrobot_navigation2/test_results/myrobot_navigation2/xmllint.xunit.xml
File 'package.xml' is invalid:
warning: failed to load external entity "http://download.ros.org/schema/package_format3.xsd"
Schemas parser error : Failed to locate the main schema resource at 'http://download.ros.org/schema/package_format3.xsd'.
WXS schema http://download.ros.org/schema/package_format3.xsd failed to compile

1 files are invalid
-- run_test.py: return code 1
-- run_test.py: verify result file '/home/rose/ros_project/ros_ws/build/myrobot_navigation2/test_results/myrobot_navigation2/xmllint.xunit.xml'
<end of output>
Test time =   0.09 sec
----------------------------------------------------------
Test Failed.
"xmllint" end time: Aug 31 13:22 CST
"xmllint" time elapsed: 00:00:00
----------------------------------------------------------

End testing: Aug 31 13:22 CST

flake8 =   0.14 sec*proc

lint_cmake =   0.08 sec*proc

linter =   0.41 sec*proc

pep257 =   0.11 sec*proc

xmllint =   0.09 sec*proc

